
Running 1 test using 1 worker

Using search term: 201042685
Filling search query with term: 201042685
  ✘  1 [chromium] › tests/partsbase.spec.ts:11:7 › PartsBase › logs in and searches (2.0m)


  1) [chromium] › tests/partsbase.spec.ts:11:7 › PartsBase › logs in and searches ──────────────────

    [31mTest timeout of 120000ms exceeded.[39m

    Error: locator.fill: Test timeout of 120000ms exceeded.
    Call log:
    [2m  - waiting for locator('textarea')[22m


      41 |     // Fill in search query
      42 |     console.log('Filling search query with term:', searchTerm);
    > 43 |     await page.locator('textarea').fill(searchTerm);
         |                                    ^
      44 |     await page.getByRole('button', { name: 'Search' }).click();
      45 |     console.log('Clicked search button, waiting for results...');
      46 |
        at /home/harry/Projects/spaero-assist/playwright/tests/partsbase.spec.ts:43:36

    Error Context: test-results/partsbase-PartsBase-logs-in-and-searches-chromium/error-context.md

  1 failed
    [chromium] › tests/partsbase.spec.ts:11:7 › PartsBase › logs in and searches ───────────────────
